\BOOKMARK [1][-]{section.1}{\376\377\000I\000n\000t\000r\000o\000d\000u\000c\000t\000i\000o\000n}{}% 1
\BOOKMARK [2][-]{subsection.1.1}{\376\377\000O\000u\000r\000\040\000A\000p\000p\000r\000o\000a\000c\000h\000\040\000:\000\040\000S\000W\000I\000V\000L}{section.1}% 2
\BOOKMARK [1][-]{section.2}{\376\377\000R\000e\000l\000a\000t\000e\000d\000\040\000W\000o\000r\000k}{}% 3
\BOOKMARK [2][-]{subsection.2.1}{\376\377\000L\000e\000a\000r\000n\000i\000n\000g\000\040\000P\000a\000r\000a\000d\000i\000g\000m\000s\000\040\000f\000o\000r\000\040\000M\000a\000n\000i\000p\000u\000l\000a\000t\000i\000o\000n}{section.2}% 4
\BOOKMARK [2][-]{subsection.2.2}{\376\377\000F\000o\000r\000c\000e\000-\000C\000o\000m\000p\000l\000i\000a\000n\000t\000\040\000C\000o\000n\000t\000r\000o\000l}{section.2}% 5
\BOOKMARK [2][-]{subsection.2.3}{\376\377\000H\000i\000e\000r\000a\000r\000c\000h\000i\000c\000a\000l\000\040\000I\000n\000t\000e\000g\000r\000a\000t\000i\000o\000n\000\040\000o\000f\000\040\000C\000o\000g\000n\000i\000t\000i\000v\000e\000\040\000a\000n\000d\000\040\000P\000h\000y\000s\000i\000c\000a\000l\000\040\000C\000o\000n\000t\000r\000o\000l}{section.2}% 6
\BOOKMARK [1][-]{section.3}{\376\377\000M\000e\000t\000h\000o\000d}{}% 7
\BOOKMARK [2][-]{subsection.3.1}{\376\377\000P\000r\000o\000b\000l\000e\000m\000\040\000S\000e\000t\000u\000p\000\040\000a\000n\000d\000\040\000K\000e\000y\000\040\000C\000h\000a\000l\000l\000e\000n\000g\000e\000s}{section.3}% 8
\BOOKMARK [2][-]{subsection.3.2}{\376\377\000A\000r\000c\000h\000i\000t\000e\000c\000t\000u\000r\000e\000\040\000O\000v\000e\000r\000v\000i\000e\000w}{section.3}% 9
\BOOKMARK [2][-]{subsection.3.3}{\376\377\000S\000t\000a\000b\000l\000e\000\040\000I\000m\000i\000t\000a\000t\000i\000o\000n\000\040\000V\000e\000c\000t\000o\000r\000\040\000F\000i\000e\000l\000d\000\040\000\050\000L\000a\000y\000e\000r\000\040\0002\000\051}{section.3}% 10
\BOOKMARK [2][-]{subsection.3.4}{\376\377\000S\000c\000r\000e\000w\000\040\000A\000x\000e\000s\000-\000D\000e\000c\000o\000m\000p\000o\000s\000e\000d\000\040\000I\000m\000p\000e\000d\000a\000n\000c\000e\000\040\000C\000o\000n\000t\000r\000o\000l\000\040\000\050\000L\000a\000y\000e\000r\000\040\0004\000\051}{section.3}% 11
\BOOKMARK [3][-]{subsubsection.3.4.1}{\376\377\000M\000o\000t\000i\000o\000n\000\040\000S\000p\000a\000c\000e\000\040\000D\000e\000c\000o\000m\000p\000o\000s\000i\000t\000i\000o\000n}{subsection.3.4}% 12
\BOOKMARK [3][-]{subsubsection.3.4.2}{\376\377\000C\000o\000n\000t\000r\000o\000l\000l\000e\000r\000\040\000F\000o\000r\000m\000u\000l\000a\000t\000i\000o\000n}{subsection.3.4}% 13
\BOOKMARK [3][-]{subsubsection.3.4.3}{\376\377\000D\000u\000a\000l\000\040\000I\000n\000t\000e\000r\000p\000r\000e\000t\000a\000t\000i\000o\000n\000\040\000o\000f\000\040\000t\000h\000e\000\040\000C\000o\000n\000t\000r\000o\000l\000l\000e\000r}{subsection.3.4}% 14
\BOOKMARK [2][-]{subsection.3.5}{\376\377\000W\000r\000e\000n\000c\000h\000-\000A\000d\000a\000p\000t\000i\000v\000e\000\040\000I\000m\000p\000e\000d\000a\000n\000c\000e\000\040\000L\000e\000a\000r\000n\000i\000n\000g\000\040\000\050\000L\000a\000y\000e\000r\000\040\0003\000\051}{section.3}% 15
\BOOKMARK [3][-]{subsubsection.3.5.1}{\376\377\000O\000b\000s\000e\000r\000v\000a\000t\000i\000o\000n\000\040\000a\000n\000d\000\040\000A\000c\000t\000i\000o\000n\000\040\000S\000p\000a\000c\000e\000s}{subsection.3.5}% 16
\BOOKMARK [3][-]{subsubsection.3.5.2}{\376\377\000W\000r\000e\000n\000c\000h\000\040\000D\000e\000c\000o\000m\000p\000o\000s\000i\000t\000i\000o\000n\000\040\000a\000n\000d\000\040\000F\000o\000r\000c\000e\000\040\000R\000e\000g\000u\000l\000a\000t\000i\000o\000n}{subsection.3.5}% 17
\BOOKMARK [3][-]{subsubsection.3.5.3}{\376\377\000R\000e\000w\000a\000r\000d\000\040\000D\000e\000s\000i\000g\000n}{subsection.3.5}% 18
\BOOKMARK [3][-]{subsubsection.3.5.4}{\376\377\000P\000o\000l\000i\000c\000y\000\040\000A\000r\000c\000h\000i\000t\000e\000c\000t\000u\000r\000e\000\040\000a\000n\000d\000\040\000T\000r\000a\000i\000n\000i\000n\000g}{subsection.3.5}% 19
\BOOKMARK [1][-]{section.4}{\376\377\000E\000x\000p\000e\000r\000i\000m\000e\000n\000t\000s}{}% 20
\BOOKMARK [2][-]{subsection.4.1}{\376\377\000E\000x\000p\000e\000r\000i\000m\000e\000n\000t\000a\000l\000\040\000S\000e\000t\000u\000p}{section.4}% 21
\BOOKMARK [2][-]{subsection.4.2}{\376\377\000R\000e\000s\000u\000l\000t\000s}{section.4}% 22
\BOOKMARK [2][-]{subsection.4.3}{\376\377\000A\000n\000a\000l\000y\000s\000i\000s}{section.4}% 23
\BOOKMARK [1][-]{section.5}{\376\377\000D\000i\000s\000c\000u\000s\000s\000i\000o\000n}{}% 24
\BOOKMARK [2][-]{subsection.5.1}{\376\377\000K\000e\000y\000\040\000F\000i\000n\000d\000i\000n\000g\000s}{section.5}% 25
\BOOKMARK [2][-]{subsection.5.2}{\376\377\000L\000i\000m\000i\000t\000a\000t\000i\000o\000n\000s\000\040\000a\000n\000d\000\040\000F\000u\000t\000u\000r\000e\000\040\000W\000o\000r\000k}{section.5}% 26
\BOOKMARK [2][-]{subsection.5.3}{\376\377\000B\000r\000o\000a\000d\000e\000r\000\040\000I\000m\000p\000a\000c\000t}{section.5}% 27
\BOOKMARK [1][-]{section.6}{\376\377\000C\000o\000n\000c\000l\000u\000s\000i\000o\000n}{}% 28
\BOOKMARK [1][-]{appendix.A}{\376\377\000N\000o\000t\000a\000t\000i\000o\000n\000\040\000a\000n\000d\000\040\000M\000a\000t\000h\000e\000m\000a\000t\000i\000c\000a\000l\000\040\000P\000r\000e\000l\000i\000m\000i\000n\000a\000r\000i\000e\000s}{}% 29
\BOOKMARK [2][-]{subsection.A.1}{\376\377\000C\000o\000o\000r\000d\000i\000n\000a\000t\000e\000\040\000F\000r\000a\000m\000e\000s\000\040\000a\000n\000d\000\040\000B\000a\000s\000i\000c\000\040\000N\000o\000t\000a\000t\000i\000o\000n}{appendix.A}% 30
\BOOKMARK [2][-]{subsection.A.2}{\376\377\000S\000E\000\050\0003\000\051\000\040\000a\000n\000d\000\040\000S\000E\000\050\0002\000\051\000\040\000C\000o\000n\000f\000i\000g\000u\000r\000a\000t\000i\000o\000n\000\040\000S\000p\000a\000c\000e\000s}{appendix.A}% 31
\BOOKMARK [2][-]{subsection.A.3}{\376\377\000T\000w\000i\000s\000t\000s\000\040\000a\000n\000d\000\040\000W\000r\000e\000n\000c\000h\000e\000s}{appendix.A}% 32
\BOOKMARK [2][-]{subsection.A.4}{\376\377\000S\000c\000r\000e\000w\000\040\000T\000h\000e\000o\000r\000y}{appendix.A}% 33
\BOOKMARK [2][-]{subsection.A.5}{\376\377\000S\000u\000m\000m\000a\000r\000y\000\040\000o\000f\000\040\000K\000e\000y\000\040\000N\000o\000t\000a\000t\000i\000o\000n}{appendix.A}% 34
\BOOKMARK [1][-]{appendix.B}{\376\377\000I\000m\000p\000e\000d\000a\000n\000c\000e\000\040\000C\000o\000n\000t\000r\000o\000l\000\040\000o\000n\000\040\000S\000E\000\050\0003\000\051}{}% 35
\BOOKMARK [2][-]{subsection.B.1}{\376\377\000N\000o\000t\000a\000t\000i\000o\000n}{appendix.B}% 36
\BOOKMARK [2][-]{subsection.B.2}{\376\377\000M\000e\000t\000r\000i\000c\000\040\000T\000e\000n\000s\000o\000r\000\040\000o\000n\000\040\000s\000e\000\050\0003\000\051}{appendix.B}% 37
\BOOKMARK [3][-]{subsubsection.B.2.1}{\376\377\000I\000n\000n\000e\000r\000\040\000P\000r\000o\000d\000u\000c\000t\000\040\000a\000s\000\040\000K\000i\000n\000e\000t\000i\000c\000\040\000E\000n\000e\000r\000g\000y}{subsection.B.2}% 38
\BOOKMARK [3][-]{subsubsection.B.2.2}{\376\377\000R\000i\000e\000m\000a\000n\000n\000i\000a\000n\000\040\000M\000e\000t\000r\000i\000c\000\040\000E\000x\000t\000e\000n\000s\000i\000o\000n}{subsection.B.2}% 39
\BOOKMARK [3][-]{subsubsection.B.2.3}{\376\377\000G\000e\000o\000d\000e\000s\000i\000c\000s\000\040\000a\000n\000d\000\040\000A\000c\000t\000i\000o\000n\000\040\000M\000i\000n\000i\000m\000i\000z\000a\000t\000i\000o\000n}{subsection.B.2}% 40
\BOOKMARK [3][-]{subsubsection.B.2.4}{\376\377\000G\000e\000o\000d\000e\000s\000i\000c\000\040\000D\000i\000s\000t\000a\000n\000c\000e\000\040\000a\000n\000d\000\040\000W\000e\000i\000g\000h\000t\000e\000d\000\040\000P\000o\000s\000e\000\040\000E\000r\000r\000o\000r}{subsection.B.2}% 41
\BOOKMARK [2][-]{subsection.B.3}{\376\377\000V\000i\000r\000t\000u\000a\000l\000\040\000M\000a\000s\000s\000-\000S\000p\000r\000i\000n\000g\000-\000D\000a\000m\000p\000e\000r\000\040\000S\000y\000s\000t\000e\000m\000\040\000o\000n\000\040\000S\000E\000\050\0003\000\051}{appendix.B}% 42
\BOOKMARK [3][-]{subsubsection.B.3.1}{\376\377\000P\000o\000t\000e\000n\000t\000i\000a\000l\000\040\000E\000n\000e\000r\000g\000y\000\040\000o\000f\000\040\000P\000o\000s\000e\000\040\000E\000r\000r\000o\000r}{subsection.B.3}% 43
\BOOKMARK [3][-]{subsubsection.B.3.2}{\376\377\000P\000o\000s\000e\000-\000E\000r\000r\000o\000r\000\040\000J\000a\000c\000o\000b\000i\000a\000n\000\040\000a\000n\000d\000\040\000E\000l\000a\000s\000t\000i\000c\000\040\000W\000r\000e\000n\000c\000h\000\040\000D\000e\000r\000i\000v\000a\000t\000i\000o\000n}{subsection.B.3}% 44
\BOOKMARK [3][-]{subsubsection.B.3.3}{\376\377\000T\000w\000i\000s\000t\000\040\000E\000r\000r\000o\000r\000\040\000a\000n\000d\000\040\000K\000i\000n\000e\000t\000i\000c\000\040\000E\000n\000e\000r\000g\000y}{subsection.B.3}% 45
\BOOKMARK [3][-]{subsubsection.B.3.4}{\376\377\000C\000o\000m\000p\000l\000e\000t\000e\000\040\000V\000i\000r\000t\000u\000a\000l\000\040\000D\000y\000n\000a\000m\000i\000c\000s\000\040\000v\000i\000a\000\040\000P\000o\000w\000e\000r\000\040\000B\000a\000l\000a\000n\000c\000e}{subsection.B.3}% 46
\BOOKMARK [2][-]{subsection.B.4}{\376\377\000T\000h\000e\000\040\000P\000o\000s\000e\000-\000E\000r\000r\000o\000r\000\040\000J\000a\000c\000o\000b\000i\000a\000n\000\040\000P\000r\000o\000b\000l\000e\000m}{appendix.B}% 47
\BOOKMARK [2][-]{subsection.B.5}{\376\377\000I\000m\000p\000e\000d\000a\000n\000c\000e\000\040\000C\000o\000n\000t\000r\000o\000l\000l\000e\000r\000\040\000I\000m\000p\000l\000e\000m\000e\000n\000t\000a\000t\000i\000o\000n}{appendix.B}% 48
\BOOKMARK [3][-]{subsubsection.B.5.1}{\376\377\000O\000p\000e\000r\000a\000t\000i\000o\000n\000a\000l\000\040\000S\000p\000a\000c\000e\000\040\000D\000y\000n\000a\000m\000i\000c\000s}{subsection.B.5}% 49
\BOOKMARK [3][-]{subsubsection.B.5.2}{\376\377\000C\000o\000n\000t\000r\000o\000l\000l\000e\000r\000\040\000D\000e\000s\000i\000g\000n\000\040\000v\000i\000a\000\040\000V\000i\000r\000t\000u\000a\000l\000-\000R\000o\000b\000o\000t\000\040\000C\000o\000u\000p\000l\000i\000n\000g}{subsection.B.5}% 50
\BOOKMARK [3][-]{subsubsection.B.5.3}{\376\377\000S\000i\000m\000p\000l\000i\000f\000i\000e\000d\000\040\000C\000a\000s\000e\000s}{subsection.B.5}% 51
\BOOKMARK [2][-]{subsection.B.6}{\376\377\000S\000W\000I\000V\000L\000'\000s\000\040\000T\000w\000i\000s\000t\000-\000D\000r\000i\000v\000e\000n\000\040\000A\000p\000p\000r\000o\000a\000c\000h}{appendix.B}% 52
\BOOKMARK [3][-]{subsubsection.B.6.1}{\376\377\000R\000e\000f\000e\000r\000e\000n\000c\000e\000\040\000T\000w\000i\000s\000t\000\040\000w\000i\000t\000h\000\040\000P\000o\000s\000e\000\040\000E\000r\000r\000o\000r\000\040\000C\000o\000r\000r\000e\000c\000t\000i\000o\000n}{subsection.B.6}% 53
\BOOKMARK [3][-]{subsubsection.B.6.2}{\376\377\000C\000o\000n\000t\000r\000o\000l\000l\000e\000r\000\040\000F\000o\000r\000m\000u\000l\000a\000t\000i\000o\000n}{subsection.B.6}% 54
\BOOKMARK [3][-]{subsubsection.B.6.3}{\376\377\000E\000q\000u\000i\000v\000a\000l\000e\000n\000c\000e\000\040\000t\000o\000\040\000S\000E\000\050\0003\000\051\000\040\000I\000m\000p\000e\000d\000a\000n\000c\000e}{subsection.B.6}% 55
\BOOKMARK [1][-]{appendix.C}{\376\377\000S\000W\000I\000V\000L\000\040\000I\000n\000s\000t\000a\000n\000t\000i\000a\000t\000i\000o\000n\000\040\000i\000n\000\040\000S\000E\000\050\0002\000\051}{}% 56
\BOOKMARK [2][-]{subsection.C.1}{\376\377\000S\000E\000\050\0002\000\051\000\040\000G\000e\000o\000m\000e\000t\000r\000i\000c\000\040\000F\000o\000r\000m\000u\000l\000a\000t\000i\000o\000n\000\040\000\050\0001\000-\000D\000o\000F\000\040\000O\000b\000j\000e\000c\000t\000\051}{appendix.C}% 57
\BOOKMARK [3][-]{subsubsection.C.1.1}{\376\377\000C\000o\000n\000f\000i\000g\000u\000r\000a\000t\000i\000o\000n\000\040\000S\000p\000a\000c\000e}{subsection.C.1}% 58
\BOOKMARK [3][-]{subsubsection.C.1.2}{\376\377\000T\000w\000i\000s\000t\000\040\000S\000p\000a\000c\000e}{subsection.C.1}% 59
\BOOKMARK [3][-]{subsubsection.C.1.3}{\376\377\000S\000c\000r\000e\000w\000\040\000A\000x\000i\000s\000\040\000i\000n\000\040\000S\000E\000\050\0002\000\051}{subsection.C.1}% 60
\BOOKMARK [3][-]{subsubsection.C.1.4}{\376\377\000W\000r\000e\000n\000c\000h\000\040\000S\000p\000a\000c\000e}{subsection.C.1}% 61
\BOOKMARK [3][-]{subsubsection.C.1.5}{\376\377\000A\000d\000j\000o\000i\000n\000t\000\040\000R\000e\000p\000r\000e\000s\000e\000n\000t\000a\000t\000i\000o\000n}{subsection.C.1}% 62
\BOOKMARK [2][-]{subsection.C.2}{\376\377\000R\000e\000f\000e\000r\000e\000n\000c\000e\000\040\000T\000w\000i\000s\000t\000\040\000F\000i\000e\000l\000d\000\040\000G\000e\000n\000e\000r\000a\000t\000o\000r\000\040\000i\000n\000\040\000S\000E\000\050\0002\000\051}{appendix.C}% 63
\BOOKMARK [3][-]{subsubsection.C.2.1}{\376\377\000S\000E\000\050\0002\000\051\000\040\000T\000r\000a\000j\000e\000c\000t\000o\000r\000y\000\040\000S\000m\000o\000o\000t\000h\000i\000n\000g}{subsection.C.2}% 64
\BOOKMARK [3][-]{subsubsection.C.2.2}{\376\377\000B\000o\000d\000y\000\040\000T\000w\000i\000s\000t\000\040\000C\000o\000m\000p\000u\000t\000a\000t\000i\000o\000n}{subsection.C.2}% 65
\BOOKMARK [3][-]{subsubsection.C.2.3}{\376\377\000S\000t\000a\000b\000l\000e\000\040\000I\000m\000i\000t\000a\000t\000i\000o\000n\000\040\000V\000e\000c\000t\000o\000r\000\040\000F\000i\000e\000l\000d}{subsection.C.2}% 66
\BOOKMARK [2][-]{subsection.C.3}{\376\377\000B\000u\000l\000k\000-\000I\000n\000t\000e\000r\000n\000a\000l\000\040\000D\000e\000c\000o\000m\000p\000o\000s\000i\000t\000i\000o\000n\000\040\000v\000i\000a\000\040\000P\000r\000o\000j\000e\000c\000t\000i\000o\000n\000\040\000O\000p\000e\000r\000a\000t\000o\000r\000s\000\040\000i\000n\000\040\000S\000E\000\050\0002\000\051}{appendix.C}% 67
\BOOKMARK [3][-]{subsubsection.C.3.1}{\376\377\000M\000e\000t\000r\000i\000c\000\040\000T\000e\000n\000s\000o\000r\000\040\000a\000n\000d\000\040\000I\000n\000n\000e\000r\000\040\000P\000r\000o\000d\000u\000c\000t}{subsection.C.3}% 68
\BOOKMARK [3][-]{subsubsection.C.3.2}{\376\377\000P\000r\000o\000j\000e\000c\000t\000i\000o\000n\000\040\000O\000p\000e\000r\000a\000t\000o\000r\000s}{subsection.C.3}% 69
\BOOKMARK [3][-]{subsubsection.C.3.3}{\376\377\000T\000w\000i\000s\000t\000\040\000D\000e\000c\000o\000m\000p\000o\000s\000i\000t\000i\000o\000n}{subsection.C.3}% 70
\BOOKMARK [3][-]{subsubsection.C.3.4}{\376\377\000W\000r\000e\000n\000c\000h\000\040\000D\000e\000c\000o\000m\000p\000o\000s\000i\000t\000i\000o\000n}{subsection.C.3}% 71
\BOOKMARK [2][-]{subsection.C.4}{\376\377\000L\000o\000w\000-\000L\000e\000v\000e\000l\000\040\000P\000o\000l\000i\000c\000y\000\040\000A\000r\000c\000h\000i\000t\000e\000c\000t\000u\000r\000e\000\040\000f\000o\000r\000\040\000S\000E\000\050\0002\000\051}{appendix.C}% 72
\BOOKMARK [3][-]{subsubsection.C.4.1}{\376\377\000O\000b\000s\000e\000r\000v\000a\000t\000i\000o\000n\000\040\000S\000p\000a\000c\000e}{subsection.C.4}% 73
\BOOKMARK [3][-]{subsubsection.C.4.2}{\376\377\000A\000c\000t\000i\000o\000n\000\040\000S\000p\000a\000c\000e}{subsection.C.4}% 74
\BOOKMARK [3][-]{subsubsection.C.4.3}{\376\377\000S\000E\000\050\0002\000\051\000\040\000S\000c\000r\000e\000w\000-\000d\000e\000c\000o\000m\000p\000o\000s\000e\000d\000\040\000C\000o\000n\000t\000r\000o\000l\000l\000e\000r}{subsection.C.4}% 75
\BOOKMARK [2][-]{subsection.C.5}{\376\377\000C\000o\000n\000t\000r\000o\000l\000l\000e\000r\000\040\000I\000m\000p\000l\000e\000m\000e\000n\000t\000a\000t\000i\000o\000n}{appendix.C}% 76
\BOOKMARK [3][-]{subsubsection.C.5.1}{\376\377\000D\000i\000r\000e\000c\000t\000\040\000E\000n\000d\000-\000E\000f\000f\000e\000c\000t\000o\000r\000\040\000C\000o\000n\000t\000r\000o\000l}{subsection.C.5}% 77
\BOOKMARK [2][-]{subsection.C.6}{\376\377\000R\000e\000w\000a\000r\000d\000\040\000F\000u\000n\000c\000t\000i\000o\000n\000\040\000i\000n\000\040\000S\000E\000\050\0002\000\051}{appendix.C}% 78
\BOOKMARK [3][-]{subsubsection.C.6.1}{\376\377\000M\000o\000t\000i\000o\000n\000\040\000T\000r\000a\000c\000k\000i\000n\000g\000\040\000R\000e\000w\000a\000r\000d}{subsection.C.6}% 79
\BOOKMARK [3][-]{subsubsection.C.6.2}{\376\377\000E\000x\000p\000o\000n\000e\000n\000t\000i\000a\000l\000\040\000S\000a\000f\000e\000t\000y\000\040\000R\000e\000w\000a\000r\000d}{subsection.C.6}% 80
\BOOKMARK [3][-]{subsubsection.C.6.3}{\376\377\000R\000e\000g\000u\000l\000a\000r\000i\000z\000a\000t\000i\000o\000n\000\040\000R\000e\000w\000a\000r\000d}{subsection.C.6}% 81
\BOOKMARK [3][-]{subsubsection.C.6.4}{\376\377\000T\000e\000r\000m\000i\000n\000a\000t\000i\000o\000n\000\040\000P\000e\000n\000a\000l\000t\000y}{subsection.C.6}% 82
\BOOKMARK [3][-]{subsubsection.C.6.5}{\376\377\000T\000e\000r\000m\000i\000n\000a\000t\000i\000o\000n\000\040\000C\000o\000n\000d\000i\000t\000i\000o\000n\000s}{subsection.C.6}% 83
\BOOKMARK [2][-]{subsection.C.7}{\376\377\000S\000E\000\050\0002\000\051\000\040\000\040\000S\000E\000\050\0003\000\051\000\040\000E\000x\000t\000e\000n\000s\000i\000o\000n\000\040\000P\000a\000t\000h}{appendix.C}% 84
\BOOKMARK [1][-]{appendix.D}{\376\377\000L\000e\000a\000r\000n\000i\000n\000g\000\040\000S\000e\000t\000t\000i\000n\000g\000s\000\040\000f\000o\000r\000\040\000S\000E\000\050\0002\000\051\000\040\000I\000m\000p\000l\000e\000m\000e\000n\000t\000a\000t\000i\000o\000n}{}% 85
\BOOKMARK [2][-]{subsection.D.1}{\376\377\000N\000e\000t\000w\000o\000r\000k\000\040\000A\000r\000c\000h\000i\000t\000e\000c\000t\000u\000r\000e}{appendix.D}% 86
\BOOKMARK [3][-]{subsubsection.D.1.1}{\376\377\000I\000n\000p\000u\000t\000\040\000a\000n\000d\000\040\000O\000u\000t\000p\000u\000t\000\040\000S\000p\000e\000c\000i\000f\000i\000c\000a\000t\000i\000o\000n\000s}{subsection.D.1}% 87
\BOOKMARK [3][-]{subsubsection.D.1.2}{\376\377\000M\000u\000l\000t\000i\000-\000S\000t\000r\000e\000a\000m\000\040\000E\000n\000c\000o\000d\000e\000r\000\040\000A\000r\000c\000h\000i\000t\000e\000c\000t\000u\000r\000e}{subsection.D.1}% 88
\BOOKMARK [3][-]{subsubsection.D.1.3}{\376\377\000M\000u\000l\000t\000i\000-\000M\000o\000d\000a\000l\000\040\000F\000u\000s\000i\000o\000n\000\040\000a\000n\000d\000\040\000P\000o\000l\000i\000c\000y\000\040\000H\000e\000a\000d}{subsection.D.1}% 89
\BOOKMARK [3][-]{subsubsection.D.1.4}{\376\377\000A\000r\000c\000h\000i\000t\000e\000c\000t\000u\000r\000a\000l\000\040\000C\000o\000m\000p\000o\000n\000e\000n\000t\000s}{subsection.D.1}% 90
\BOOKMARK [2][-]{subsection.D.2}{\376\377\000T\000r\000a\000i\000n\000i\000n\000g\000\040\000C\000o\000n\000f\000i\000g\000u\000r\000a\000t\000i\000o\000n}{appendix.D}% 91
\BOOKMARK [3][-]{subsubsection.D.2.1}{\376\377\000R\000e\000i\000n\000f\000o\000r\000c\000e\000m\000e\000n\000t\000\040\000L\000e\000a\000r\000n\000i\000n\000g\000\040\000A\000l\000g\000o\000r\000i\000t\000h\000m}{subsection.D.2}% 92
\BOOKMARK [3][-]{subsubsection.D.2.2}{\376\377\000H\000y\000p\000e\000r\000p\000a\000r\000a\000m\000e\000t\000e\000r\000s}{subsection.D.2}% 93
\BOOKMARK [3][-]{subsubsection.D.2.3}{\376\377\000I\000n\000i\000t\000i\000a\000l\000i\000z\000a\000t\000i\000o\000n\000\040\000S\000t\000r\000a\000t\000e\000g\000y}{subsection.D.2}% 94
